[1/9] Performing build step for 'bootloader'
[1/1] cmd.exe /C "cd /D C:\Espressif\frameworks\esp-idf-v5.2.3\ESP32-S3-Touch-LCD-7-Demo\ESP-IDF\08_lvgl_Porting\build\bootloader\esp-idf\esptool_py && C:\Espressif\python_env\idf5.2_py3.11_env\Scripts\python.exe C:/Espressif/frameworks/esp-idf-v5.2.3/components/partition_table/check_sizes.py --offset 0x8000 bootloader 0x0 C:/Espressif/frameworks/esp-idf-v5.2.3/ESP32-S3-Touch-LCD-7-Demo/ESP-IDF/08_lvgl_Porting/build/bootloader/bootloader.bin"
Bootloader binary size 0x5a30 bytes. 0x25d0 bytes (30%) free.
[2/7] Building C object esp-idf/main/CMakeFiles/__idf_main.dir/Initializer.c.obj
C:/Espressif/frameworks/esp-idf-v5.2.3/ESP32-S3-Touch-LCD-7-Demo/ESP-IDF/08_lvgl_Porting/main/Initializer.c: In function 'create_counter':
C:/Espressif/frameworks/esp-idf-v5.2.3/ESP32-S3-Touch-LCD-7-Demo/ESP-IDF/08_lvgl_Porting/main/Initializer.c:46:31: warning: passing argument 2 of 'lv_obj_add_style' from incompatible pointer type [-Wincompatible-pointer-types]
   46 |     lv_obj_add_style(counter, &font_comic_48_1bpp, 0);
      |                               ^~~~~~~~~~~~~~~~~~~
      |                               |
      |                               const lv_font_t * {aka const struct _lv_font_t *}
In file included from C:/Espressif/frameworks/esp-idf-v5.2.3/ESP32-S3-Touch-LCD-7-Demo/ESP-IDF/08_lvgl_Porting/components/lvgl__lvgl/src/core/lv_obj.h:139,
                 from C:/Espressif/frameworks/esp-idf-v5.2.3/ESP32-S3-Touch-LCD-7-Demo/ESP-IDF/08_lvgl_Porting/components/lvgl__lvgl/lvgl.h:35,
                 from C:/Espressif/frameworks/esp-idf-v5.2.3/ESP32-S3-Touch-LCD-7-Demo/ESP-IDF/08_lvgl_Porting/components/lvgl__lvgl/demos/lv_demos.h:16,
                 from C:/Espressif/frameworks/esp-idf-v5.2.3/ESP32-S3-Touch-LCD-7-Demo/ESP-IDF/08_lvgl_Porting/main/waveshare_rgb_lcd_port.h:13,
                 from C:/Espressif/frameworks/esp-idf-v5.2.3/ESP32-S3-Touch-LCD-7-Demo/ESP-IDF/08_lvgl_Porting/main/Initializer.h:1,
                 from C:/Espressif/frameworks/esp-idf-v5.2.3/ESP32-S3-Touch-LCD-7-Demo/ESP-IDF/08_lvgl_Porting/main/Initializer.c:1:
C:/Espressif/frameworks/esp-idf-v5.2.3/ESP32-S3-Touch-LCD-7-Demo/ESP-IDF/08_lvgl_Porting/components/lvgl__lvgl/src/core/lv_obj_style.h:75:60: note: expected 'lv_style_t *' but argument is of type 'const lv_font_t *' {aka 'const struct _lv_font_t *'}
   75 | void lv_obj_add_style(struct _lv_obj_t * obj, lv_style_t * style, lv_style_selector_t selector);
      |                                               ~~~~~~~~~~~~~^~~~~
C:/Espressif/frameworks/esp-idf-v5.2.3/ESP32-S3-Touch-LCD-7-Demo/ESP-IDF/08_lvgl_Porting/main/waveshare_rgb_lcd_port.h: At top level:
C:/Espressif/frameworks/esp-idf-v5.2.3/ESP32-S3-Touch-LCD-7-Demo/ESP-IDF/08_lvgl_Porting/main/waveshare_rgb_lcd_port.h:68:20: warning: 'TAG' defined but not used [-Wunused-variable]
   68 | static const char *TAG = "example";
      |                    ^~~
[3/7] Linking C static library esp-idf\main\libmain.a
[4/7] Generating ld/sections.ld
[5/7] Linking CXX executable lvgl_porting.elf
FAILED: lvgl_porting.elf 
cmd.exe /C "cd . && C:\Espressif\tools\xtensa-esp-elf\esp-13.2.0_20230928\xtensa-esp-elf\bin\xtensa-esp32s3-elf-g++.exe -mlongcalls  -fno-builtin-memcpy -fno-builtin-memset -fno-builtin-bzero -fno-builtin-stpcpy -fno-builtin-strncpy -Wl,--cref -Wl,--defsym=IDF_TARGET_ESP32S3=0 -Wl,--Map=C:/Espressif/frameworks/esp-idf-v5.2.3/ESP32-S3-Touch-LCD-7-Demo/ESP-IDF/08_lvgl_Porting/build/lvgl_porting.map -Wl,--no-warn-rwx-segments -fno-rtti -fno-lto -Wl,--gc-sections -Wl,--warn-common -T esp32s3.peripherals.ld -T esp32s3.rom.ld -T esp32s3.rom.api.ld -T esp32s3.rom.libgcc.ld -T esp32s3.rom.newlib.ld -T esp32s3.rom.version.ld -T memory.ld -T sections.ld @CMakeFiles\lvgl_porting.elf.rsp -o lvgl_porting.elf  && cd ."
C:/Espressif/tools/xtensa-esp-elf/esp-13.2.0_20230928/xtensa-esp-elf/bin/../lib/gcc/xtensa-esp-elf/13.2.0/../../../../xtensa-esp-elf/bin/ld.exe: esp-idf/main/libmain.a(Initializer.c.obj):(.literal.create_counter+0x0): undefined reference to `font_comic_48_1bpp'
collect2.exe: error: ld returned 1 exit status
ninja: build stopped: subcommand failed.
